C51 COMPILER V9.60.0.0   MAIN                                                              04/05/2026 14:30:10 PAGE 1   


C51 COMPILER V9.60.0.0, COMPILATION OF MODULE MAIN
OBJECT MODULE PLACED IN .\Objects\main.obj
COMPILER INVOKED BY: D:\Keil_C51\C51\BIN\C51.EXE main.c OPTIMIZE(8,SPEED) BROWSE INCDIR(..\lcd-keil) DEBUG OBJECTEXTEND 
                    -PRINT(.\Listings\main.lst) TABS(2) OBJECT(.\Objects\main.obj)

line level    source

   1          #include <reg52.h>
   2          #include "LCD1602.h"
   3          
   4          void main()
   5          {
   6   1          unsigned char i;
   7   1      
   8   1          //初始化lcd屏幕
   9   1          LCD_Init();
  10   1      
  11   1        //动画循环四次，每次为嘴巴一张一闭，最后用时为两秒
  12   1          for(i = 0; i < 4; i++)
  13   1          {
  14   2              //闭嘴
  15   2              //LCD_ShowString：行号, 列号, 字符串
  16   2              LCD_ShowString(1, 4, "( ^ _ ^ )");
  17   2              Delay_ms(250); 
  18   2              
  19   2              //张嘴
  20   2              LCD_ShowString(1, 4, "( ^ O ^ )");
  21   2              Delay_ms(250); 
  22   2          }
  23   1      
  24   1          //动画结束,显示感谢语字符串
  25   1          LCD_ShowString(1, 2, "TKS FOR WATCHING!");
  26   1      
  27   1          //空循环将程序挂起
  28   1          while(1)
  29   1          {
  30   2              ;
  31   2          }
  32   1      }


MODULE INFORMATION:   STATIC OVERLAYABLE
   CODE SIZE        =     76    ----
   CONSTANT SIZE    =     38    ----
   XDATA SIZE       =   ----    ----
   PDATA SIZE       =   ----    ----
   DATA SIZE        =   ----       1
   IDATA SIZE       =   ----    ----
   BIT SIZE         =   ----    ----
END OF MODULE INFORMATION.


C51 COMPILATION COMPLETE.  0 WARNING(S),  0 ERROR(S)
